2025/01/12 15:21:09 [notice] 1#1: using the "epoll" event method
2025/01/12 15:21:09 [notice] 1#1: nginx/1.27.3
2025/01/12 15:21:09 [notice] 1#1: built by gcc 13.2.1 20240309 (Alpine 13.2.1_git20240309) 
2025/01/12 15:21:09 [notice] 1#1: OS: Linux 6.4.16-linuxkit
2025/01/12 15:21:09 [notice] 1#1: getrlimit(RLIMIT_NOFILE): 1048576:1048576
2025/01/12 15:21:09 [notice] 1#1: start worker processes
2025/01/12 15:21:09 [notice] 1#1: start worker process 29
2025/01/12 15:21:09 [notice] 1#1: start worker process 30
2025/01/12 15:21:09 [notice] 1#1: start worker process 31
2025/01/12 15:21:09 [notice] 1#1: start worker process 32
2025/01/12 15:21:09 [notice] 1#1: start worker process 33
2025/01/12 15:21:09 [notice] 1#1: start worker process 34
2025/01/12 15:21:09 [notice] 1#1: start worker process 35
2025/01/12 15:21:09 [notice] 1#1: start worker process 36
2025/01/12 15:24:55 [notice] 1#1: signal 3 (SIGQUIT) received, shutting down
2025/01/12 15:24:55 [notice] 30#30: gracefully shutting down
2025/01/12 15:24:55 [notice] 33#33: gracefully shutting down
2025/01/12 15:24:55 [notice] 33#33: exiting
2025/01/12 15:24:55 [notice] 29#29: gracefully shutting down
2025/01/12 15:24:55 [notice] 29#29: exiting
2025/01/12 15:24:55 [notice] 36#36: gracefully shutting down
2025/01/12 15:24:55 [notice] 32#32: gracefully shutting down
2025/01/12 15:24:55 [notice] 32#32: exiting
2025/01/12 15:24:55 [notice] 34#34: gracefully shutting down
2025/01/12 15:24:55 [notice] 35#35: gracefully shutting down
2025/01/12 15:24:55 [notice] 31#31: gracefully shutting down
2025/01/12 15:24:55 [notice] 31#31: exiting
2025/01/12 15:24:55 [notice] 30#30: exiting
2025/01/12 15:24:55 [notice] 30#30: exit
2025/01/12 15:24:55 [notice] 33#33: exit
2025/01/12 15:24:55 [notice] 29#29: exit
2025/01/12 15:24:55 [notice] 36#36: exiting
2025/01/12 15:24:55 [notice] 32#32: exit
2025/01/12 15:24:55 [notice] 34#34: exiting
2025/01/12 15:24:55 [notice] 35#35: exiting
2025/01/12 15:24:55 [notice] 31#31: exit
2025/01/12 15:24:55 [notice] 36#36: exit
2025/01/12 15:24:55 [notice] 34#34: exit
2025/01/12 15:24:55 [notice] 35#35: exit
2025/01/12 15:24:55 [notice] 1#1: signal 17 (SIGCHLD) received from 29
2025/01/12 15:24:55 [notice] 1#1: worker process 29 exited with code 0
2025/01/12 15:24:55 [notice] 1#1: signal 29 (SIGIO) received
2025/01/12 15:24:55 [notice] 1#1: signal 17 (SIGCHLD) received from 32
2025/01/12 15:24:55 [notice] 1#1: worker process 30 exited with code 0
2025/01/12 15:24:55 [notice] 1#1: worker process 31 exited with code 0
2025/01/12 15:24:55 [notice] 1#1: worker process 32 exited with code 0
2025/01/12 15:24:55 [notice] 1#1: worker process 33 exited with code 0
2025/01/12 15:24:55 [notice] 1#1: worker process 34 exited with code 0
2025/01/12 15:24:55 [notice] 1#1: signal 29 (SIGIO) received
2025/01/12 15:24:55 [notice] 1#1: signal 17 (SIGCHLD) received from 31
2025/01/12 15:24:55 [notice] 1#1: signal 17 (SIGCHLD) received from 35
2025/01/12 15:24:55 [notice] 1#1: worker process 35 exited with code 0
2025/01/12 15:24:55 [notice] 1#1: signal 29 (SIGIO) received
2025/01/12 15:24:55 [notice] 1#1: signal 17 (SIGCHLD) received from 36
2025/01/12 15:24:55 [notice] 1#1: worker process 36 exited with code 0
2025/01/12 15:24:55 [notice] 1#1: exit
2025/01/12 15:25:02 [notice] 1#1: using the "epoll" event method
2025/01/12 15:25:02 [notice] 1#1: nginx/1.27.3
2025/01/12 15:25:02 [notice] 1#1: built by gcc 13.2.1 20240309 (Alpine 13.2.1_git20240309) 
2025/01/12 15:25:02 [notice] 1#1: OS: Linux 6.4.16-linuxkit
2025/01/12 15:25:02 [notice] 1#1: getrlimit(RLIMIT_NOFILE): 1048576:1048576
2025/01/12 15:25:02 [notice] 1#1: start worker processes
2025/01/12 15:25:02 [notice] 1#1: start worker process 29
2025/01/12 15:25:02 [notice] 1#1: start worker process 30
2025/01/12 15:25:02 [notice] 1#1: start worker process 31
2025/01/12 15:25:02 [notice] 1#1: start worker process 32
2025/01/12 15:25:02 [notice] 1#1: start worker process 33
2025/01/12 15:25:02 [notice] 1#1: start worker process 34
2025/01/12 15:25:02 [notice] 1#1: start worker process 35
2025/01/12 15:25:02 [notice] 1#1: start worker process 36
2025/01/12 15:26:07 [notice] 1#1: signal 3 (SIGQUIT) received, shutting down
2025/01/12 15:26:07 [notice] 30#30: gracefully shutting down
2025/01/12 15:26:07 [notice] 29#29: gracefully shutting down
2025/01/12 15:26:07 [notice] 29#29: exiting
2025/01/12 15:26:07 [notice] 31#31: gracefully shutting down
2025/01/12 15:26:07 [notice] 31#31: exiting
2025/01/12 15:26:07 [notice] 34#34: gracefully shutting down
2025/01/12 15:26:07 [notice] 35#35: gracefully shutting down
2025/01/12 15:26:07 [notice] 35#35: exiting
2025/01/12 15:26:07 [notice] 36#36: gracefully shutting down
2025/01/12 15:26:07 [notice] 33#33: gracefully shutting down
2025/01/12 15:26:07 [notice] 33#33: exiting
2025/01/12 15:26:07 [notice] 32#32: gracefully shutting down
2025/01/12 15:26:07 [notice] 30#30: exiting
2025/01/12 15:26:07 [notice] 29#29: exit
2025/01/12 15:26:07 [notice] 31#31: exit
2025/01/12 15:26:07 [notice] 34#34: exiting
2025/01/12 15:26:07 [notice] 35#35: exit
2025/01/12 15:26:07 [notice] 36#36: exiting
2025/01/12 15:26:07 [notice] 33#33: exit
2025/01/12 15:26:07 [notice] 32#32: exiting
2025/01/12 15:26:07 [notice] 30#30: exit
2025/01/12 15:26:07 [notice] 34#34: exit
2025/01/12 15:26:07 [notice] 36#36: exit
2025/01/12 15:26:07 [notice] 32#32: exit
2025/01/12 15:26:07 [notice] 1#1: signal 17 (SIGCHLD) received from 33
2025/01/12 15:26:07 [notice] 1#1: worker process 29 exited with code 0
2025/01/12 15:26:07 [notice] 1#1: worker process 33 exited with code 0
2025/01/12 15:26:07 [notice] 1#1: signal 29 (SIGIO) received
2025/01/12 15:26:07 [notice] 1#1: signal 17 (SIGCHLD) received from 31
2025/01/12 15:26:07 [notice] 1#1: worker process 31 exited with code 0
2025/01/12 15:26:07 [notice] 1#1: worker process 35 exited with code 0
2025/01/12 15:26:07 [notice] 1#1: signal 29 (SIGIO) received
2025/01/12 15:26:07 [notice] 1#1: signal 17 (SIGCHLD) received from 35
2025/01/12 15:26:07 [notice] 1#1: worker process 32 exited with code 0
2025/01/12 15:26:07 [notice] 1#1: worker process 36 exited with code 0
2025/01/12 15:26:07 [notice] 1#1: signal 29 (SIGIO) received
2025/01/12 15:26:07 [notice] 1#1: signal 17 (SIGCHLD) received from 32
2025/01/12 15:26:07 [notice] 1#1: signal 17 (SIGCHLD) received from 30
2025/01/12 15:26:07 [notice] 1#1: worker process 30 exited with code 0
2025/01/12 15:26:07 [notice] 1#1: worker process 34 exited with code 0
2025/01/12 15:26:07 [notice] 1#1: exit
2025/01/12 15:27:10 [notice] 1#1: using the "epoll" event method
2025/01/12 15:27:10 [notice] 1#1: nginx/1.27.3
2025/01/12 15:27:10 [notice] 1#1: built by gcc 13.2.1 20240309 (Alpine 13.2.1_git20240309) 
2025/01/12 15:27:10 [notice] 1#1: OS: Linux 6.4.16-linuxkit
2025/01/12 15:27:10 [notice] 1#1: getrlimit(RLIMIT_NOFILE): 1048576:1048576
2025/01/12 15:27:10 [notice] 1#1: start worker processes
2025/01/12 15:27:10 [notice] 1#1: start worker process 29
2025/01/12 15:27:10 [notice] 1#1: start worker process 30
2025/01/12 15:27:10 [notice] 1#1: start worker process 31
2025/01/12 15:27:10 [notice] 1#1: start worker process 32
2025/01/12 15:27:10 [notice] 1#1: start worker process 33
2025/01/12 15:27:10 [notice] 1#1: start worker process 34
2025/01/12 15:27:10 [notice] 1#1: start worker process 35
2025/01/12 15:27:10 [notice] 1#1: start worker process 36
2025/01/12 15:28:00 [notice] 1#1: signal 3 (SIGQUIT) received, shutting down
2025/01/12 15:28:00 [notice] 34#34: gracefully shutting down
2025/01/12 15:28:00 [notice] 34#34: exiting
2025/01/12 15:28:00 [notice] 29#29: gracefully shutting down
2025/01/12 15:28:00 [notice] 29#29: exiting
2025/01/12 15:28:00 [notice] 36#36: gracefully shutting down
2025/01/12 15:28:00 [notice] 36#36: exiting
2025/01/12 15:28:00 [notice] 30#30: gracefully shutting down
2025/01/12 15:28:00 [notice] 30#30: exiting
2025/01/12 15:28:00 [notice] 31#31: gracefully shutting down
2025/01/12 15:28:00 [notice] 31#31: exiting
2025/01/12 15:28:00 [notice] 33#33: gracefully shutting down
2025/01/12 15:28:00 [notice] 33#33: exiting
2025/01/12 15:28:00 [notice] 32#32: gracefully shutting down
2025/01/12 15:28:00 [notice] 32#32: exiting
2025/01/12 15:28:00 [notice] 35#35: gracefully shutting down
2025/01/12 15:28:00 [notice] 34#34: exit
2025/01/12 15:28:00 [notice] 29#29: exit
2025/01/12 15:28:00 [notice] 36#36: exit
2025/01/12 15:28:00 [notice] 30#30: exit
2025/01/12 15:28:00 [notice] 31#31: exit
2025/01/12 15:28:00 [notice] 33#33: exit
2025/01/12 15:28:00 [notice] 32#32: exit
2025/01/12 15:28:00 [notice] 35#35: exiting
2025/01/12 15:28:00 [notice] 35#35: exit
2025/01/12 15:28:00 [notice] 1#1: signal 17 (SIGCHLD) received from 34
2025/01/12 15:28:00 [notice] 1#1: worker process 34 exited with code 0
2025/01/12 15:28:00 [notice] 1#1: signal 29 (SIGIO) received
2025/01/12 15:28:00 [notice] 1#1: signal 17 (SIGCHLD) received from 30
2025/01/12 15:28:00 [notice] 1#1: worker process 29 exited with code 0
2025/01/12 15:28:00 [notice] 1#1: worker process 30 exited with code 0
2025/01/12 15:28:00 [notice] 1#1: worker process 33 exited with code 0
2025/01/12 15:28:00 [notice] 1#1: worker process 36 exited with code 0
2025/01/12 15:28:00 [notice] 1#1: signal 29 (SIGIO) received
2025/01/12 15:28:00 [notice] 1#1: signal 17 (SIGCHLD) received from 33
2025/01/12 15:28:00 [notice] 1#1: signal 17 (SIGCHLD) received from 31
2025/01/12 15:28:00 [notice] 1#1: worker process 31 exited with code 0
2025/01/12 15:28:00 [notice] 1#1: signal 29 (SIGIO) received
2025/01/12 15:28:00 [notice] 1#1: signal 17 (SIGCHLD) received from 32
2025/01/12 15:28:00 [notice] 1#1: worker process 32 exited with code 0
2025/01/12 15:28:00 [notice] 1#1: signal 29 (SIGIO) received
2025/01/12 15:28:00 [notice] 1#1: signal 17 (SIGCHLD) received from 35
2025/01/12 15:28:00 [notice] 1#1: worker process 35 exited with code 0
2025/01/12 15:28:00 [notice] 1#1: exit
2025/01/12 15:28:02 [notice] 1#1: using the "epoll" event method
2025/01/12 15:28:02 [notice] 1#1: nginx/1.27.3
2025/01/12 15:28:02 [notice] 1#1: built by gcc 13.2.1 20240309 (Alpine 13.2.1_git20240309) 
2025/01/12 15:28:02 [notice] 1#1: OS: Linux 6.4.16-linuxkit
2025/01/12 15:28:02 [notice] 1#1: getrlimit(RLIMIT_NOFILE): 1048576:1048576
2025/01/12 15:28:02 [notice] 1#1: start worker processes
2025/01/12 15:28:02 [notice] 1#1: start worker process 28
2025/01/12 15:28:02 [notice] 1#1: start worker process 29
2025/01/12 15:28:02 [notice] 1#1: start worker process 30
2025/01/12 15:28:02 [notice] 1#1: start worker process 31
2025/01/12 15:28:02 [notice] 1#1: start worker process 32
2025/01/12 15:28:02 [notice] 1#1: start worker process 33
2025/01/12 15:28:02 [notice] 1#1: start worker process 34
2025/01/12 15:28:02 [notice] 1#1: start worker process 35
2025/01/12 15:28:28 [notice] 1#1: signal 3 (SIGQUIT) received, shutting down
2025/01/12 15:28:28 [notice] 28#28: gracefully shutting down
2025/01/12 15:28:28 [notice] 30#30: gracefully shutting down
2025/01/12 15:28:28 [notice] 34#34: gracefully shutting down
2025/01/12 15:28:28 [notice] 29#29: gracefully shutting down
2025/01/12 15:28:28 [notice] 35#35: gracefully shutting down
2025/01/12 15:28:28 [notice] 35#35: exiting
2025/01/12 15:28:28 [notice] 31#31: gracefully shutting down
2025/01/12 15:28:28 [notice] 31#31: exiting
2025/01/12 15:28:28 [notice] 33#33: gracefully shutting down
2025/01/12 15:28:28 [notice] 32#32: gracefully shutting down
2025/01/12 15:28:28 [notice] 28#28: exiting
2025/01/12 15:28:28 [notice] 30#30: exiting
2025/01/12 15:28:28 [notice] 34#34: exiting
2025/01/12 15:28:28 [notice] 29#29: exiting
2025/01/12 15:28:28 [notice] 29#29: exit
2025/01/12 15:28:28 [notice] 35#35: exit
2025/01/12 15:28:28 [notice] 31#31: exit
2025/01/12 15:28:28 [notice] 33#33: exiting
2025/01/12 15:28:28 [notice] 32#32: exiting
2025/01/12 15:28:28 [notice] 28#28: exit
2025/01/12 15:28:28 [notice] 30#30: exit
2025/01/12 15:28:28 [notice] 34#34: exit
2025/01/12 15:28:28 [notice] 33#33: exit
2025/01/12 15:28:28 [notice] 32#32: exit
2025/01/12 15:28:28 [notice] 1#1: signal 17 (SIGCHLD) received from 29
2025/01/12 15:28:28 [notice] 1#1: worker process 29 exited with code 0
2025/01/12 15:28:28 [notice] 1#1: worker process 35 exited with code 0
2025/01/12 15:28:28 [notice] 1#1: signal 29 (SIGIO) received
2025/01/12 15:28:28 [notice] 1#1: signal 17 (SIGCHLD) received from 35
2025/01/12 15:28:28 [notice] 1#1: signal 17 (SIGCHLD) received from 31
2025/01/12 15:28:28 [notice] 1#1: worker process 31 exited with code 0
2025/01/12 15:28:28 [notice] 1#1: signal 29 (SIGIO) received
2025/01/12 15:28:28 [notice] 1#1: signal 17 (SIGCHLD) received from 33
2025/01/12 15:28:28 [notice] 1#1: worker process 28 exited with code 0
2025/01/12 15:28:28 [notice] 1#1: worker process 30 exited with code 0
2025/01/12 15:28:28 [notice] 1#1: worker process 32 exited with code 0
2025/01/12 15:28:28 [notice] 1#1: worker process 33 exited with code 0
2025/01/12 15:28:28 [notice] 1#1: signal 29 (SIGIO) received
2025/01/12 15:28:28 [notice] 1#1: signal 17 (SIGCHLD) received from 32
2025/01/12 15:28:28 [notice] 1#1: signal 17 (SIGCHLD) received from 34
2025/01/12 15:28:28 [notice] 1#1: worker process 34 exited with code 0
2025/01/12 15:28:28 [notice] 1#1: exit
2025/01/12 15:28:31 [notice] 1#1: using the "epoll" event method
2025/01/12 15:28:31 [notice] 1#1: nginx/1.27.3
2025/01/12 15:28:31 [notice] 1#1: built by gcc 13.2.1 20240309 (Alpine 13.2.1_git20240309) 
2025/01/12 15:28:31 [notice] 1#1: OS: Linux 6.4.16-linuxkit
2025/01/12 15:28:31 [notice] 1#1: getrlimit(RLIMIT_NOFILE): 1048576:1048576
2025/01/12 15:28:31 [notice] 1#1: start worker processes
2025/01/12 15:28:31 [notice] 1#1: start worker process 29
2025/01/12 15:28:31 [notice] 1#1: start worker process 30
2025/01/12 15:28:31 [notice] 1#1: start worker process 31
2025/01/12 15:28:31 [notice] 1#1: start worker process 32
2025/01/12 15:28:31 [notice] 1#1: start worker process 33
2025/01/12 15:28:31 [notice] 1#1: start worker process 34
2025/01/12 15:28:31 [notice] 1#1: start worker process 35
2025/01/12 15:28:31 [notice] 1#1: start worker process 36
2025/01/12 15:29:34 [notice] 1#1: signal 3 (SIGQUIT) received, shutting down
2025/01/12 15:29:34 [notice] 29#29: gracefully shutting down
2025/01/12 15:29:34 [notice] 29#29: exiting
2025/01/12 15:29:34 [notice] 33#33: gracefully shutting down
2025/01/12 15:29:34 [notice] 33#33: exiting
2025/01/12 15:29:34 [notice] 30#30: gracefully shutting down
2025/01/12 15:29:34 [notice] 30#30: exiting
2025/01/12 15:29:34 [notice] 31#31: gracefully shutting down
2025/01/12 15:29:34 [notice] 35#35: gracefully shutting down
2025/01/12 15:29:34 [notice] 34#34: gracefully shutting down
2025/01/12 15:29:34 [notice] 36#36: gracefully shutting down
2025/01/12 15:29:34 [notice] 32#32: gracefully shutting down
2025/01/12 15:29:34 [notice] 29#29: exit
2025/01/12 15:29:34 [notice] 33#33: exit
2025/01/12 15:29:34 [notice] 30#30: exit
2025/01/12 15:29:34 [notice] 31#31: exiting
2025/01/12 15:29:34 [notice] 35#35: exiting
2025/01/12 15:29:34 [notice] 34#34: exiting
2025/01/12 15:29:34 [notice] 36#36: exiting
2025/01/12 15:29:34 [notice] 32#32: exiting
2025/01/12 15:29:34 [notice] 31#31: exit
2025/01/12 15:29:34 [notice] 35#35: exit
2025/01/12 15:29:34 [notice] 34#34: exit
2025/01/12 15:29:34 [notice] 36#36: exit
2025/01/12 15:29:34 [notice] 32#32: exit
2025/01/12 15:29:34 [notice] 1#1: signal 17 (SIGCHLD) received from 33
2025/01/12 15:29:34 [notice] 1#1: worker process 33 exited with code 0
2025/01/12 15:29:34 [notice] 1#1: signal 29 (SIGIO) received
2025/01/12 15:29:34 [notice] 1#1: signal 17 (SIGCHLD) received from 29
2025/01/12 15:29:34 [notice] 1#1: worker process 29 exited with code 0
2025/01/12 15:29:34 [notice] 1#1: worker process 30 exited with code 0
2025/01/12 15:29:34 [notice] 1#1: worker process 31 exited with code 0
2025/01/12 15:29:34 [notice] 1#1: worker process 35 exited with code 0
2025/01/12 15:29:34 [notice] 1#1: signal 29 (SIGIO) received
2025/01/12 15:29:34 [notice] 1#1: signal 17 (SIGCHLD) received from 31
2025/01/12 15:29:34 [notice] 1#1: worker process 34 exited with code 0
2025/01/12 15:29:34 [notice] 1#1: signal 29 (SIGIO) received
2025/01/12 15:29:34 [notice] 1#1: signal 17 (SIGCHLD) received from 34
2025/01/12 15:29:34 [notice] 1#1: signal 17 (SIGCHLD) received from 36
2025/01/12 15:29:34 [notice] 1#1: worker process 32 exited with code 0
2025/01/12 15:29:34 [notice] 1#1: worker process 36 exited with code 0
2025/01/12 15:29:34 [notice] 1#1: exit
2025/01/12 15:31:18 [notice] 1#1: using the "epoll" event method
2025/01/12 15:31:18 [notice] 1#1: nginx/1.27.3
2025/01/12 15:31:18 [notice] 1#1: built by gcc 13.2.1 20240309 (Alpine 13.2.1_git20240309) 
2025/01/12 15:31:18 [notice] 1#1: OS: Linux 6.4.16-linuxkit
2025/01/12 15:31:18 [notice] 1#1: getrlimit(RLIMIT_NOFILE): 1048576:1048576
2025/01/12 15:31:18 [notice] 1#1: start worker processes
2025/01/12 15:31:18 [notice] 1#1: start worker process 29
2025/01/12 15:31:18 [notice] 1#1: start worker process 30
2025/01/12 15:31:18 [notice] 1#1: start worker process 31
2025/01/12 15:31:18 [notice] 1#1: start worker process 32
2025/01/12 15:31:18 [notice] 1#1: start worker process 33
2025/01/12 15:31:18 [notice] 1#1: start worker process 34
2025/01/12 15:31:18 [notice] 1#1: start worker process 35
2025/01/12 15:31:18 [notice] 1#1: start worker process 36
2025/01/12 15:42:24 [notice] 1#1: signal 3 (SIGQUIT) received, shutting down
2025/01/12 15:42:24 [notice] 29#29: gracefully shutting down
2025/01/12 15:42:24 [notice] 30#30: gracefully shutting down
2025/01/12 15:42:24 [notice] 31#31: gracefully shutting down
2025/01/12 15:42:24 [notice] 31#31: exiting
2025/01/12 15:42:24 [notice] 34#34: gracefully shutting down
2025/01/12 15:42:24 [notice] 32#32: gracefully shutting down
2025/01/12 15:42:24 [notice] 36#36: gracefully shutting down
2025/01/12 15:42:24 [notice] 33#33: gracefully shutting down
2025/01/12 15:42:24 [notice] 35#35: gracefully shutting down
2025/01/12 15:42:24 [notice] 29#29: exiting
2025/01/12 15:42:24 [notice] 30#30: exiting
2025/01/12 15:42:24 [notice] 31#31: exit
2025/01/12 15:42:24 [notice] 34#34: exiting
2025/01/12 15:42:24 [notice] 32#32: exiting
2025/01/12 15:42:24 [notice] 36#36: exiting
2025/01/12 15:42:24 [notice] 33#33: exiting
2025/01/12 15:42:24 [notice] 35#35: exiting
2025/01/12 15:42:24 [notice] 35#35: exit
2025/01/12 15:42:24 [notice] 29#29: exit
2025/01/12 15:42:24 [notice] 30#30: exit
2025/01/12 15:42:24 [notice] 34#34: exit
2025/01/12 15:42:24 [notice] 32#32: exit
2025/01/12 15:42:24 [notice] 36#36: exit
2025/01/12 15:42:24 [notice] 33#33: exit
2025/01/12 15:42:24 [notice] 1#1: signal 17 (SIGCHLD) received from 31
2025/01/12 15:42:24 [notice] 1#1: worker process 31 exited with code 0
2025/01/12 15:42:24 [notice] 1#1: signal 29 (SIGIO) received
2025/01/12 15:42:24 [notice] 1#1: signal 17 (SIGCHLD) received from 35
2025/01/12 15:42:24 [notice] 1#1: worker process 30 exited with code 0
2025/01/12 15:42:24 [notice] 1#1: worker process 29 exited with code 0
2025/01/12 15:42:24 [notice] 1#1: worker process 35 exited with code 0
2025/01/12 15:42:24 [notice] 1#1: signal 29 (SIGIO) received
2025/01/12 15:42:24 [notice] 1#1: signal 17 (SIGCHLD) received from 30
2025/01/12 15:42:24 [notice] 1#1: signal 17 (SIGCHLD) received from 33
2025/01/12 15:42:24 [notice] 1#1: worker process 32 exited with code 0
2025/01/12 15:42:24 [notice] 1#1: worker process 33 exited with code 0
2025/01/12 15:42:24 [notice] 1#1: worker process 34 exited with code 0
2025/01/12 15:42:24 [notice] 1#1: worker process 36 exited with code 0
2025/01/12 15:42:24 [notice] 1#1: exit
2025/01/12 15:42:32 [notice] 1#1: using the "epoll" event method
2025/01/12 15:42:32 [notice] 1#1: nginx/1.27.3
2025/01/12 15:42:32 [notice] 1#1: built by gcc 13.2.1 20240309 (Alpine 13.2.1_git20240309) 
2025/01/12 15:42:32 [notice] 1#1: OS: Linux 6.4.16-linuxkit
2025/01/12 15:42:32 [notice] 1#1: getrlimit(RLIMIT_NOFILE): 1048576:1048576
2025/01/12 15:42:32 [notice] 1#1: start worker processes
2025/01/12 15:42:32 [notice] 1#1: start worker process 29
2025/01/12 15:42:32 [notice] 1#1: start worker process 30
2025/01/12 15:42:32 [notice] 1#1: start worker process 31
2025/01/12 15:42:32 [notice] 1#1: start worker process 32
2025/01/12 15:42:32 [notice] 1#1: start worker process 33
2025/01/12 15:42:32 [notice] 1#1: start worker process 34
2025/01/12 15:42:32 [notice] 1#1: start worker process 35
2025/01/12 15:42:32 [notice] 1#1: start worker process 36
